<?xml version="1.0" encoding="UTF-8"?>
<testsuite name="SideNotebookPaneViewTest" tests="2" skipped="0" failures="0" errors="0" timestamp="2022-03-07T03:40:25" hostname="KELLY_PC" time="2.862">
  <properties/>
  <testcase name="notebookView(FxRobot)" classname="SideNotebookPaneViewTest" time="1.523"/>
  <testcase name="notesView(FxRobot)" classname="SideNotebookPaneViewTest" time="1.339"/>
  <system-out><![CDATA[]]></system-out>
  <system-err><![CDATA[]]></system-err>
</testsuite>
