<?xml version="1.0" encoding="UTF-8"?>
<testsuite name="SideIconPaneViewTest" tests="5" skipped="0" failures="0" errors="0" timestamp="2022-03-07T03:40:30" hostname="KELLY_PC" time="1.993">
  <properties/>
  <testcase name="notebookButtonShows(FxRobot)" classname="SideIconPaneViewTest" time="0.235"/>
  <testcase name="searchButtonShows(FxRobot)" classname="SideIconPaneViewTest" time="0.23"/>
  <testcase name="infoButtonShows(FxRobot)" classname="SideIconPaneViewTest" time="0.239"/>
  <testcase name="openNotebookPane(FxRobot)" classname="SideIconPaneViewTest" time="0.584"/>
  <testcase name="openInfoDialog(FxRobot)" classname="SideIconPaneViewTest" time="0.701"/>
  <system-out><![CDATA[]]></system-out>
  <system-err><![CDATA[]]></system-err>
</testsuite>
