<?xml version="1.0" encoding="UTF-8"?>
<testsuite name="ModelTest" tests="1" skipped="0" failures="0" errors="0" timestamp="2022-03-04T20:24:08" hostname="DESKTOP-6OA5OI4" time="4.3">
  <properties/>
  <testcase name="createNotebookWithPopup(FxRobot)" classname="ModelTest" time="4.3"/>
  <system-out><![CDATA[]]></system-out>
  <system-err><![CDATA[]]></system-err>
</testsuite>
